<?xml version="1.0" encoding="UTF-8"?>
<testsuite name="ru.lois.feedback.account.UserTest" tests="1" skipped="0" failures="0" errors="0" timestamp="2017-01-09T08:23:52" hostname="win811" time="0.004">
  <properties/>
  <testcase name="test" classname="ru.lois.feedback.account.UserTest" time="0.004"/>
  <system-out><![CDATA[]]></system-out>
  <system-err><![CDATA[]]></system-err>
</testsuite>
